Arguments: 
  /snap/node/2555/bin/node /usr/share/yarn/bin/yarn.js install

PATH: 
  /home/fergalm/.krew/bin:/home/fergalm/bin:/home/fergalm/dotfiles/bin:/usr/local/bin:/home/fergalm/.krew/bin:/home/fergalm/bin:/home/fergalm/dotfiles/bin:/usr/local/bin:/home/fergalm/.local/bin:/usr/local/sbin:/usr/local/bin:/usr/sbin:/usr/bin:/sbin:/bin:/usr/games:/usr/local/games:/snap/bin:/home/fergalm/.dotnet/tools:/home/fergalm/dotfiles/bin:/home/fergalm/go/bin:/opt/android/sdk/platform-tools/:/usr/lib/go-1.9/bin:/home/fergalm/bin/flutter/bin/:/home/fergalm/.dotnet/tools:/home/fergalm/.local/bin/:/opt/etcher-cli:/opt/android/flutter/bin:/opt/android/sdk/tools:/opt/android/sdk/platform-tools:/opt/android/sdk/tools/bin/:/home/fergalm/working/chromium/depot_tools:/home/fergalm/dotfiles/bin:/home/fergalm/go/bin:/opt/android/sdk/platform-tools/:/usr/lib/go-1.9/bin:/home/fergalm/bin/flutter/bin/:/home/fergalm/.dotnet/tools:/home/fergalm/.local/bin/:/opt/etcher-cli:/opt/android/flutter/bin:/opt/android/sdk/tools:/opt/android/sdk/platform-tools:/opt/android/sdk/tools/bin/:/home/fergalm/working/chromium/depot_tools

Yarn version: 
  1.19.2

Node version: 
  12.13.1

Platform: 
  linux x64

Trace: 
  Invariant Violation: could not find a copy of typescript to link in /home/fergalm/dev/podnoms/podnoms-web/node_modules/rxjs-tslint/node_modules
      at invariant (/usr/share/yarn/lib/cli.js:2314:15)
      at PackageLinker.<anonymous> (/usr/share/yarn/lib/cli.js:48716:7)
      at Generator.next (<anonymous>)
      at step (/usr/share/yarn/lib/cli.js:304:30)
      at /usr/share/yarn/lib/cli.js:315:13
      at runMicrotasks (<anonymous>)
      at processTicksAndRejections (internal/process/task_queues.js:93:5)

npm manifest: 
  {
      "name": "podnoms-web",
      "version": "1.2.79",
      "license": "MIT",
      "scripts": {
          "ng": "ng",
          "start": "npx nodemon server/index.js",
          "build": "ng build --prod",
          "start-ng": "ng serve",
          "test": "ng test",
          "lint": "ng lint",
          "pretty-quick": "pretty-quick",
          "precommit": "pretty-quick --staged"
      },
      "private": true,
      "dependencies": {
          "@angular/animations": "~8.2.13",
          "@angular/common": "~8.2.13",
          "@angular/compiler": "~8.2.13",
          "@angular/core": "~8.2.13",
          "@angular/fire": "^5.2.1",
          "@angular/forms": "~8.2.13",
          "@angular/platform-browser": "~8.2.13",
          "@angular/platform-browser-dynamic": "~8.2.13",
          "@angular/pwa": "^0.803.4",
          "@angular/router": "~8.2.13",
          "@angular/service-worker": "~8.2.13",
          "@aspnet/signalr": "^1.1.4",
          "@auth0/angular-jwt": "^3.0.0",
          "@fortawesome/fontawesome-free-webfonts": "^1.0.9",
          "@ng-bootstrap/ng-bootstrap": "^5.1.2",
          "@ng-select/ng-select": "^3.0.7",
          "@ngrx/data": "^8.3.0",
          "@ngrx/effects": "^8.3.0",
          "@ngrx/entity": "^8.3.0",
          "@ngrx/store": "^8.3.0",
          "@ngrx/store-devtools": "^8.3.0",
          "@podnoms/ngx-audioplayer": "~0.0.43",
          "@qontu/ngx-inline-editor": "^0.2.0-alpha.12",
          "@swimlane/ngx-datatable": "^16.0.2",
          "angular-in-memory-web-api": "^0.9.0",
          "angular2-uuid": "^1.1.1",
          "angularx-social-login": "^1.2.7",
          "applicationinsights-js": "^1.0.20",
          "body-parser": "^1.19.0",
          "bootstrap": "4.3.1",
          "chart.js": "^2.8.0",
          "core-js": "^3.2.1",
          "dropzone": "5.5.1",
          "easy-pie-chart": "^2.1.7",
          "feather-icons": "^4.24.1",
          "file-saver": "^2.0.2",
          "firebase": "^6.6.0",
          "flag-icon-css": "^3.3.0",
          "howler": "^2.1.2",
          "install": "^0.13.0",
          "jasny-bootstrap": "^4.0.0",
          "jquery": "^3.4.1",
          "memo-decorator": "^1.0.2",
          "moment": "^2.24.0",
          "ng2-charts": "^3.0.0-beta.5",
          "ng2-validation": "^4.2.0",
          "ng2modules-easypiechart": "0.0.4",
          "ngx-captcha": "^7.0.0",
          "ngx-dropzone-wrapper": "^8.0.0",
          "ngx-logger": "^4.0.5",
          "ngx-moment": "^3.4.0",
          "ngx-perfect-scrollbar": "^8.0.0",
          "ngx-quill": "^7.3.1",
          "ngx-store": "^2.1.0",
          "node-sass": "^4.12.0",
          "npm": "^6.11.3",
          "popper.js": "^2.0.0-next.4",
          "quill": "^1.3.7",
          "rxjs": "~6.5.3",
          "rxjs-compat": "^6.5.3",
          "rxjs-tslint": "^0.1.7",
          "simple-line-icons": "^2.4.1",
          "streamsaver": "^2.0.3",
          "tslib": "^1.10.0",
          "wavesurfer.js": "^3.2.0",
          "zone.js": "~0.10.2",
          "zxcvbn": "^4.4.2"
      },
      "devDependencies": {
          "@angular-devkit/build-angular": "~0.803.19",
          "@angular/cli": "~8.3.19",
          "@angular/compiler-cli": "~8.2.13",
          "@angular/language-service": "~8.2.13",
          "@types/node": "~12.7.5",
          "codelyzer": "^5.1.0",
          "ts-node": "~8.3.0",
          "tslint": "~5.20.0",
          "typescript": "~3.5.3",
          "@types/datatables.net": "^1.10.17",
          "prettier": "~1.18.2",
          "pretty-quick": "^1.11.1",
          "webpack-bundle-analyzer": "^3.4.1"
      }
  }

yarn manifest: 
  No manifest

Lockfile: 
  No lockfile
